<?xml version="1.0" encoding="UTF-8"?>
<testsuite xmlns:xsi="http://www.w3.org/2001/XMLSchema-instance" xsi:noNamespaceSchemaLocation="https://maven.apache.org/surefire/maven-surefire-plugin/xsd/surefire-test-report-3.0.xsd" version="3.0" name="es.uma.informatica.sii.practica.jpa.MainTest" time="1.407" tests="1" errors="0" skipped="0" failures="0">
  <properties>
[...]
</properties>
  <testcase name="testNada" classname="es.uma.informatica.sii.practica.jpa.MainTest" time="1.372">
    <system-out><![CDATA[[EL Warning]: 2024-04-05 10:04:42.766--Java SE '22' is not fully supported yet. Report this error to the EclipseLink open source project. (There is no English translation for this message.)
[EL Info]: 2024-04-05 10:04:43.146--ServerSession(385739920)--EclipseLink, version: Eclipse Persistence Services - 4.0.2.v202306161219
]]></system-out>
  </testcase>
</testsuite>